<?xml version="1.0" encoding="UTF-8"?>
<testsuite xmlns:xsi="http://www.w3.org/2001/XMLSchema-instance" xsi:noNamespaceSchemaLocation="https://maven.apache.org/surefire/maven-surefire-plugin/xsd/surefire-test-report-3.0.xsd" version="3.0" name="com.saucedemo.runners.RunCucumberTest" time="9.664" tests="5" errors="0" skipped="0" failures="0">
  <properties>
[...]
</properties>
  <testcase name="Successful login" classname="Authentication" time="2.519">
    <system-out><![CDATA[
Scenario: Successful login                                # src/test/resources/features/authentication.feature:3
13:53:17.384 [main] DEBUG io.github.bonigarcia.wdm.WebDriverManager -- Using WebDriverManager 5.8.0
13:53:17.525 [main] DEBUG io.github.bonigarcia.wdm.cache.ResolutionCache -- Resolution chrome=125 in cache (valid until 14:25:38 26/05/2024 EEST)
13:53:17.525 [main] DEBUG io.github.bonigarcia.wdm.cache.ResolutionCache -- Resolution chrome125=125.0.6422.78 in cache (valid until 12:24:09 27/05/2024 EEST)
13:53:17.526 [main] INFO io.github.bonigarcia.wdm.WebDriverManager -- Using chromedriver 125.0.6422.78 (resolved driver for Chrome 125)
13:53:17.536 [main] DEBUG io.github.bonigarcia.wdm.WebDriverManager -- Driver chromedriver 125.0.6422.78 found in cache
13:53:17.537 [main] INFO io.github.bonigarcia.wdm.WebDriverManager -- Exporting webdriver.chrome.driver as /Users/nikosthermogiannis/.cache/selenium/chromedriver/mac-arm64/125.0.6422.78/chromedriver
  Given the user is on the login page                     # com.saucedemo.steps.AuthenticationSteps.the_user_is_on_the_login_page()
  When the user logs in as "standard_user"                # com.saucedemo.steps.AuthenticationSteps.the_user_logs_in_as_string(java.lang.String)
  Then the user should be redirected to the products page # com.saucedemo.steps.AuthenticationSteps.the_user_should_be_redirected_to_the_products_page()
]]></system-out>
  </testcase>
  <testcase name="Proceed to checkout" classname="Cart" time="1.674">
    <system-out><![CDATA[
Scenario: Proceed to checkout                         # src/test/resources/features/cart.feature:3
13:53:19.828 [main] DEBUG io.github.bonigarcia.wdm.WebDriverManager -- Using WebDriverManager 5.8.0
13:53:19.835 [main] DEBUG io.github.bonigarcia.wdm.cache.ResolutionCache -- Resolution chrome=125 in cache (valid until 14:25:38 26/05/2024 EEST)
13:53:19.836 [main] DEBUG io.github.bonigarcia.wdm.cache.ResolutionCache -- Resolution chrome125=125.0.6422.78 in cache (valid until 12:24:09 27/05/2024 EEST)
13:53:19.836 [main] INFO io.github.bonigarcia.wdm.WebDriverManager -- Using chromedriver 125.0.6422.78 (resolved driver for Chrome 125)
13:53:19.839 [main] DEBUG io.github.bonigarcia.wdm.WebDriverManager -- Driver chromedriver 125.0.6422.78 found in cache
13:53:19.839 [main] INFO io.github.bonigarcia.wdm.WebDriverManager -- Exporting webdriver.chrome.driver as /Users/nikosthermogiannis/.cache/selenium/chromedriver/mac-arm64/125.0.6422.78/chromedriver
  Given the user has added a product to the cart      # com.saucedemo.steps.CartSteps.the_user_has_added_a_product_to_the_cart()
  When the user goes to the cart                      # com.saucedemo.steps.CartSteps.the_user_goes_to_the_cart()
  Then the user should be able to proceed to checkout # com.saucedemo.steps.CartSteps.the_user_should_be_able_to_proceed_to_checkout()
]]></system-out>
  </testcase>
  <testcase name="Enter checkout information" classname="Checkout #1" time="1.765">
    <system-out><![CDATA[
Scenario: Enter checkout information                               # src/test/resources/features/checkout.feature:3
13:53:21.506 [main] DEBUG io.github.bonigarcia.wdm.WebDriverManager -- Using WebDriverManager 5.8.0
13:53:21.512 [main] DEBUG io.github.bonigarcia.wdm.cache.ResolutionCache -- Resolution chrome=125 in cache (valid until 14:25:38 26/05/2024 EEST)
13:53:21.512 [main] DEBUG io.github.bonigarcia.wdm.cache.ResolutionCache -- Resolution chrome125=125.0.6422.78 in cache (valid until 12:24:09 27/05/2024 EEST)
13:53:21.513 [main] INFO io.github.bonigarcia.wdm.WebDriverManager -- Using chromedriver 125.0.6422.78 (resolved driver for Chrome 125)
13:53:21.515 [main] DEBUG io.github.bonigarcia.wdm.WebDriverManager -- Driver chromedriver 125.0.6422.78 found in cache
13:53:21.515 [main] INFO io.github.bonigarcia.wdm.WebDriverManager -- Exporting webdriver.chrome.driver as /Users/nikosthermogiannis/.cache/selenium/chromedriver/mac-arm64/125.0.6422.78/chromedriver
  Given the user is on the checkout page                           # com.saucedemo.steps.CheckoutSteps.the_user_is_on_the_checkout_page()
  When the user enters checkout information "John", "Doe", "12345" # com.saucedemo.steps.CheckoutSteps.the_user_enters_checkout_information(java.lang.String,java.lang.String,java.lang.String)
  Then the user should be able to continue to the next step        # com.saucedemo.steps.CheckoutSteps.the_user_should_be_able_to_continue_to_the_next_step()
]]></system-out>
  </testcase>
  <testcase name="Enter checkout information" classname="Checkout #2" time="1.791">
    <system-out><![CDATA[
Scenario: Enter checkout information                               # src/test/resources/features/menu.feature:3
13:53:23.271 [main] DEBUG io.github.bonigarcia.wdm.WebDriverManager -- Using WebDriverManager 5.8.0
13:53:23.274 [main] DEBUG io.github.bonigarcia.wdm.cache.ResolutionCache -- Resolution chrome=125 in cache (valid until 14:25:38 26/05/2024 EEST)
13:53:23.275 [main] DEBUG io.github.bonigarcia.wdm.cache.ResolutionCache -- Resolution chrome125=125.0.6422.78 in cache (valid until 12:24:09 27/05/2024 EEST)
13:53:23.275 [main] INFO io.github.bonigarcia.wdm.WebDriverManager -- Using chromedriver 125.0.6422.78 (resolved driver for Chrome 125)
13:53:23.277 [main] DEBUG io.github.bonigarcia.wdm.WebDriverManager -- Driver chromedriver 125.0.6422.78 found in cache
13:53:23.277 [main] INFO io.github.bonigarcia.wdm.WebDriverManager -- Exporting webdriver.chrome.driver as /Users/nikosthermogiannis/.cache/selenium/chromedriver/mac-arm64/125.0.6422.78/chromedriver
  Given the user is on the checkout page                           # com.saucedemo.steps.CheckoutSteps.the_user_is_on_the_checkout_page()
  When the user enters checkout information "John", "Doe", "12345" # com.saucedemo.steps.CheckoutSteps.the_user_enters_checkout_information(java.lang.String,java.lang.String,java.lang.String)
  Then the user should be able to continue to the next step        # com.saucedemo.steps.CheckoutSteps.the_user_should_be_able_to_continue_to_the_next_step()
]]></system-out>
  </testcase>
  <testcase name="Add first product to cart" classname="Products Page" time="1.624">
    <system-out><![CDATA[
Scenario: Add first product to cart                # src/test/resources/features/products.feature:3
13:53:25.061 [main] DEBUG io.github.bonigarcia.wdm.WebDriverManager -- Using WebDriverManager 5.8.0
13:53:25.064 [main] DEBUG io.github.bonigarcia.wdm.cache.ResolutionCache -- Resolution chrome=125 in cache (valid until 14:25:38 26/05/2024 EEST)
13:53:25.064 [main] DEBUG io.github.bonigarcia.wdm.cache.ResolutionCache -- Resolution chrome125=125.0.6422.78 in cache (valid until 12:24:09 27/05/2024 EEST)
13:53:25.064 [main] INFO io.github.bonigarcia.wdm.WebDriverManager -- Using chromedriver 125.0.6422.78 (resolved driver for Chrome 125)
13:53:25.066 [main] DEBUG io.github.bonigarcia.wdm.WebDriverManager -- Driver chromedriver 125.0.6422.78 found in cache
13:53:25.067 [main] INFO io.github.bonigarcia.wdm.WebDriverManager -- Exporting webdriver.chrome.driver as /Users/nikosthermogiannis/.cache/selenium/chromedriver/mac-arm64/125.0.6422.78/chromedriver
  Given the user is logged in                      # com.saucedemo.steps.ProductsSteps.the_user_is_logged_in()
  When the user adds the first product to the cart # com.saucedemo.steps.ProductsSteps.the_user_adds_the_first_product_to_the_cart()
  Then the cart should contain one item            # com.saucedemo.steps.ProductsSteps.the_cart_should_contain_one_item()
]]></system-out>
  </testcase>
</testsuite>